Arguments: 
  /Users/Brandon.Xu/.nvm/versions/node/v16.20.0/bin/node /Users/Brandon.Xu/.nvm/versions/node/v16.20.0/bin/yarn build

PATH: 
  /Users/Brandon.Xu/.nvm/versions/node/v16.20.0/bin:/opt/homebrew/bin:/opt/homebrew/sbin:/usr/local/bin:/System/Cryptexes/App/usr/bin:/usr/bin:/bin:/usr/sbin:/sbin:/Library/Apple/usr/bin:/Applications/Wireshark.app/Contents/MacOS:/Users/Brandon.Xu/Library/pnpm:/Users/Brandon.Xu/.nvm/versions/node/v16.20.0/bin:/opt/homebrew/bin:/opt/homebrew/sbin

Yarn version: 
  1.22.19

Node version: 
  16.20.0

Platform: 
  darwin arm64

Trace: 
  SyntaxError: /Users/Brandon.Xu/Desktop/联蔚/npm/navigationbar-wx-npm/miniprogram/package.json: Unexpected token } in JSON at position 288
      at JSON.parse (<anonymous>)
      at /Users/Brandon.Xu/.nvm/versions/node/v16.20.0/lib/node_modules/yarn/lib/cli.js:1629:59
      at Generator.next (<anonymous>)
      at step (/Users/Brandon.Xu/.nvm/versions/node/v16.20.0/lib/node_modules/yarn/lib/cli.js:310:30)
      at /Users/Brandon.Xu/.nvm/versions/node/v16.20.0/lib/node_modules/yarn/lib/cli.js:321:13

npm manifest: 
  {
    "name": "navigationbar-wx",
    "version": "1.0.0",
    "description": "",
    "main": "dist/index.js",
    "scripts": {
      "build": "webpack --mode=production"
    },
    "author": "Brandon",
    "license": "ISC",
    "devDependencies": {
      "webpack": "^5.89.0",
      "webpack-cli": "^5.1.4"
    },
  }

yarn manifest: 
  No manifest

Lockfile: 
  No lockfile
